0 info it worked if it ends with ok
1 verbose cli [ '/Users/ericsonm/.nvm/versions/node/v4.5.0/bin/node',
1 verbose cli   '/Users/ericsonm/.nvm/versions/node/v4.5.0/bin/npm',
1 verbose cli   'run',
1 verbose cli   'start' ]
2 info using npm@3.8.6
3 info using node@v4.5.0
4 verbose run-script [ 'prestart', 'start', 'poststart' ]
5 info lifecycle jobletics@1.0.0~prestart: jobletics@1.0.0
6 silly lifecycle jobletics@1.0.0~prestart: no script for prestart, continuing
7 info lifecycle jobletics@1.0.0~start: jobletics@1.0.0
8 verbose lifecycle jobletics@1.0.0~start: unsafe-perm in lifecycle true
9 verbose lifecycle jobletics@1.0.0~start: PATH: /Users/ericsonm/.nvm/versions/node/v4.5.0/lib/node_modules/npm/bin/node-gyp-bin:/Users/ericsonm/jobletics/node_modules/.bin:/Users/ericsonm/.nvm/versions/node/v4.5.0/bin:/Users/ericsonm/.nvm/versions/node/v4.5.0/bin:/Library/Frameworks/Python.framework/Versions/3.6/bin:/bin:/sbin:/usr/bin:/usr/local/sbin:/usr/local/bin:/usr/local/bin:/usr/bin:/bin:/usr/sbin:/sbin:/usr/local/sbin:/Users/ericsonm/Library/Android/sdk/tools:/Users/ericsonm/Library/Android/sdk/platform-tools
10 verbose lifecycle jobletics@1.0.0~start: CWD: /Users/ericsonm/jobletics
11 silly lifecycle jobletics@1.0.0~start: Args: [ '-c', 'node server.js' ]
12 silly lifecycle jobletics@1.0.0~start: Returned: code: 1  signal: null
13 info lifecycle jobletics@1.0.0~start: Failed to exec start script
14 verbose stack Error: jobletics@1.0.0 start: `node server.js`
14 verbose stack Exit status 1
14 verbose stack     at EventEmitter.<anonymous> (/Users/ericsonm/.nvm/versions/node/v4.5.0/lib/node_modules/npm/lib/utils/lifecycle.js:239:16)
14 verbose stack     at emitTwo (events.js:87:13)
14 verbose stack     at EventEmitter.emit (events.js:172:7)
14 verbose stack     at ChildProcess.<anonymous> (/Users/ericsonm/.nvm/versions/node/v4.5.0/lib/node_modules/npm/lib/utils/spawn.js:24:14)
14 verbose stack     at emitTwo (events.js:87:13)
14 verbose stack     at ChildProcess.emit (events.js:172:7)
14 verbose stack     at maybeClose (internal/child_process.js:829:16)
14 verbose stack     at Process.ChildProcess._handle.onexit (internal/child_process.js:211:5)
15 verbose pkgid jobletics@1.0.0
16 verbose cwd /Users/ericsonm/jobletics
17 error Darwin 15.6.0
18 error argv "/Users/ericsonm/.nvm/versions/node/v4.5.0/bin/node" "/Users/ericsonm/.nvm/versions/node/v4.5.0/bin/npm" "run" "start"
19 error node v4.5.0
20 error npm  v3.8.6
21 error code ELIFECYCLE
22 error jobletics@1.0.0 start: `node server.js`
22 error Exit status 1
23 error Failed at the jobletics@1.0.0 start script 'node server.js'.
23 error Make sure you have the latest version of node.js and npm installed.
23 error If you do, this is most likely a problem with the jobletics package,
23 error not with npm itself.
23 error Tell the author that this fails on your system:
23 error     node server.js
23 error You can get information on how to open an issue for this project with:
23 error     npm bugs jobletics
23 error Or if that isn't available, you can get their info via:
23 error     npm owner ls jobletics
23 error There is likely additional logging output above.
24 verbose exit [ 1, true ]
